#
# There is insufficient memory for the Java Runtime Environment to continue.
# Native memory allocation (mmap) failed to map 618659840 bytes for Failed to commit area from 0x0000000095300000 to 0x00000000ba100000 of length 618659840.
# Possible reasons:
#   The system is out of physical RAM or swap space
#   The process is running with CompressedOops enabled, and the Java Heap may be blocking the growth of the native heap
# Possible solutions:
#   Reduce memory load on the system
#   Increase physical memory or swap space
#   Check if swap backing store is full
#   Decrease Java heap size (-Xmx/-Xms)
#   Decrease number of Java threads
#   Decrease Java thread stack sizes (-Xss)
#   Set larger code cache with -XX:ReservedCodeCacheSize=
#   JVM is running with Unscaled Compressed Oops mode in which the Java heap is
#     placed in the first 4GB address space. The Java Heap base address is the
#     maximum limit for the native heap growth. Please use -XX:HeapBaseMinAddress
#     to set the Java Heap base and to place the Java Heap above 4GB virtual address.
# This output file may be truncated or incomplete.
#
#  Out of Memory Error (t:/workspace/open/src/hotspot/os/windows/os_windows.cpp:3301), pid=1028, tid=7212
#
# JRE version: Java(TM) SE Runtime Environment (13.0.2+8) (build 13.0.2+8)
# Java VM: Java HotSpot(TM) 64-Bit Server VM (13.0.2+8, mixed mode, sharing, tiered, compressed oops, g1 gc, windows-amd64)
# No core dump will be written. Minidumps are not enabled by default on client versions of Windows
#

---------------  S U M M A R Y ------------

Command Line: -Dfile.encoding=Cp1252 --module-path=C:\Users\luisc\OneDrive\Escritorio\Proyecto1_202010_sec2_team7\bin;C:\Users\luisc\.p2\pool\plugins\org.junit_4.12.0.v201504281640\junit.jar;C:\Users\luisc\.p2\pool\plugins\org.hamcrest.core_1.3.0.v20180420-1519.jar;C:\Users\luisc\OneDrive\Escritorio\Proyecto1_202010_sec2_team7\lib\gson-2.8.6.jar -Djdk.module.main=T3_202010 T3_202010/main.Main

Host: Intel(R) Core(TM) i7-8565U CPU @ 1.80GHz, 8 cores, 7G,  Windows 10 , 64 bit Build 17763 (10.0.17763.475)
Time: Thu Mar 12 20:59:19 2020 Hora est. Pacífico, Sudamérica elapsed time: 2 seconds (0d 0h 0m 2s)

---------------  T H R E A D  ---------------

Current thread (0x00000216f3264000):  VMThread "VM Thread" [stack: 0x0000006ba7100000,0x0000006ba7200000] [id=7212]

Stack: [0x0000006ba7100000,0x0000006ba7200000]
[error occurred during error reporting (printing stack bounds), id 0xc0000005, EXCEPTION_ACCESS_VIOLATION (0xc0000005) at pc=0x00000216dc8c10ad]

Native frames: (J=compiled Java code, j=interpreted, Vv=VM code, C=native code)
V  [jvm.dll+0x624f9a]
V  [jvm.dll+0x770cfa]
V  [jvm.dll+0x7724af]
V  [jvm.dll+0x772a15]
V  [jvm.dll+0x7729cb]
V  [jvm.dll+0x6244df]
C  [ntdll.dll+0x66b16]
C  [ntdll.dll+0x4849]
C  [ntdll.dll+0xa34fe]
C  0x00000216dc8c10ad

VM_Operation (0x0000006ba6bfe750): G1CollectForAllocation, mode: safepoint, requested by thread 0x00000216d43be800


---------------  P R O C E S S  ---------------

Threads class SMR info:
_java_thread_list=0x00000216f4602550, length=11, elements={
0x00000216d43be800, 0x00000216f3265800, 0x00000216f3268800, 0x00000216f3284800,
0x00000216f3286800, 0x00000216f3288800, 0x00000216f3bc1000, 0x00000216f328d000,
0x00000216f3cb2000, 0x00000216f3e1c800, 0x00000216f3f88000
}

Java Threads: ( => current thread )
  0x00000216d43be800 JavaThread "main" [_thread_blocked, id=8708, stack(0x0000006ba6b00000,0x0000006ba6c00000)]
  0x00000216f3265800 JavaThread "Reference Handler" daemon [_thread_blocked, id=2948, stack(0x0000006ba7200000,0x0000006ba7300000)]
  0x00000216f3268800 JavaThread "Finalizer" daemon [_thread_blocked, id=11236, stack(0x0000006ba7300000,0x0000006ba7400000)]
  0x00000216f3284800 JavaThread "Signal Dispatcher" daemon [_thread_blocked, id=5480, stack(0x0000006ba7400000,0x0000006ba7500000)]
  0x00000216f3286800 JavaThread "Attach Listener" daemon [_thread_blocked, id=13860, stack(0x0000006ba7500000,0x0000006ba7600000)]
  0x00000216f3288800 JavaThread "C2 CompilerThread0" daemon [_thread_blocked, id=4100, stack(0x0000006ba7600000,0x0000006ba7700000)]
  0x00000216f3bc1000 JavaThread "C1 CompilerThread0" daemon [_thread_blocked, id=480, stack(0x0000006ba7700000,0x0000006ba7800000)]
  0x00000216f328d000 JavaThread "Sweeper thread" daemon [_thread_blocked, id=9508, stack(0x0000006ba7800000,0x0000006ba7900000)]
  0x00000216f3cb2000 JavaThread "Common-Cleaner" daemon [_thread_blocked, id=1100, stack(0x0000006ba7900000,0x0000006ba7a00000)]
  0x00000216f3e1c800 JavaThread "Service Thread" daemon [_thread_blocked, id=13748, stack(0x0000006ba7b00000,0x0000006ba7c00000)]
  0x00000216f3f88000 JavaThread "C2 CompilerThread1" daemon [_thread_blocked, id=16560, stack(0x0000006ba7a00000,0x0000006ba7b00000)]

Other Threads:
=>0x00000216f3264000 VMThread "VM Thread" [stack: 0x0000006ba7100000,0x0000006ba7200000] [id=7212]
  0x00000216f3e14000 WatcherThread [stack: 0x0000006ba7c00000,0x0000006ba7d00000] [id=13708]
  0x00000216d4400000 GCTaskThread "GC Thread#0" [stack: 0x0000006ba6c00000,0x0000006ba6d00000] [id=11384]
  0x00000216f42c0800 GCTaskThread "GC Thread#1" [stack: 0x0000006ba7e00000,0x0000006ba7f00000] [id=13956]
  0x00000216f3f74800 GCTaskThread "GC Thread#2" [stack: 0x0000006ba7f00000,0x0000006ba8000000] [id=8848]
  0x00000216f3f73800 GCTaskThread "GC Thread#3" [stack: 0x0000006ba7d00000,0x0000006ba7e00000] [id=14516]
  0x00000216f3f73000 GCTaskThread "GC Thread#4" [stack: 0x0000006ba8700000,0x0000006ba8800000] [id=15536]
  0x00000216f3f76000 GCTaskThread "GC Thread#5" [stack: 0x0000006ba8800000,0x0000006ba8900000] [id=14504]
  0x00000216f3f71000 GCTaskThread "GC Thread#6" [stack: 0x0000006ba8900000,0x0000006ba8a00000] [id=8844]
  0x00000216d4413000 ConcurrentGCThread "G1 Main Marker" [stack: 0x0000006ba6d00000,0x0000006ba6e00000] [id=2856]
  0x00000216d4414800 ConcurrentGCThread "G1 Conc#0" [stack: 0x0000006ba6e00000,0x0000006ba6f00000] [id=11500]
  0x00000216f3f75000 ConcurrentGCThread "G1 Conc#1" [stack: 0x0000006ba8500000,0x0000006ba8600000] [id=8872]
  0x00000216d448e800 ConcurrentGCThread "G1 Refine#0" [stack: 0x0000006ba6f00000,0x0000006ba7000000] [id=2164]
  0x00000216f3d58800 ConcurrentGCThread "G1 Refine#1" [stack: 0x0000006ba8000000,0x0000006ba8100000] [id=11620]
  0x00000216f49e3800 ConcurrentGCThread "G1 Refine#2" [stack: 0x0000006ba8100000,0x0000006ba8200000] [id=14636]
  0x00000216f474e000 ConcurrentGCThread "G1 Refine#3" [stack: 0x0000006ba8200000,0x0000006ba8300000] [id=15092]
  0x00000216f4762000 ConcurrentGCThread "G1 Refine#4" [stack: 0x0000006ba8300000,0x0000006ba8400000] [id=16592]
  0x00000216f4762800 ConcurrentGCThread "G1 Refine#5" [stack: 0x0000006ba8400000,0x0000006ba8500000] [id=1352]
  0x00000216f4f30800 ConcurrentGCThread "G1 Refine#6" [stack: 0x0000006ba8600000,0x0000006ba8700000] [id=11256]
  0x00000216f6113000 ConcurrentGCThread "G1 Refine#7" [stack: 0x0000006ba8a00000,0x0000006ba8b00000] [id=5088]
  0x00000216f30e6800 ConcurrentGCThread "G1 Young RemSet Sampling" [stack: 0x0000006ba7000000,0x0000006ba7100000] [id=11084]

Threads with active compile tasks:

VM state:at safepoint (normal execution)

VM Mutex/Monitor currently owned by a thread:  ([mutex/lock_event])
[0x00000216d43bb6d0] Threads_lock - owner thread: 0x00000216f3264000
[0x00000216d43bb5b0] Heap_lock - owner thread: 0x00000216d43be800

Heap address: 0x0000000082c00000, size: 2004 MB, Compressed Oops mode: 32-bit
Narrow klass base: 0x0000000800000000, Narrow klass shift: 3
Compressed class space size: 1073741824 Address: 0x0000000800b40000

Heap:
 garbage-first heap   total 906240K, used 230400K [0x0000000082c00000, 0x0000000100000000)
  region size 1024K, 3 young (3072K), 3 survivors (3072K)
 Metaspace       used 1782K, capacity 5164K, committed 5504K, reserved 1056768K
  class space    used 201K, capacity 533K, committed 640K, reserved 1048576K
Heap Regions: E=young(eden), S=young(survivor), O=old, HS=humongous(starts), HC=humongous(continues), CS=collection set, F=free, A=archive, TAMS=top-at-mark-start (previous, next)
|   0|0x0000000082c00000, 0x0000000082d00000, 0x0000000082d00000|100%| O|  |TAMS 0x0000000082d00000, 0x0000000082c00000| Untracked 
|   1|0x0000000082d00000, 0x0000000082e00000, 0x0000000082e00000|100%| O|  |TAMS 0x0000000082e00000, 0x0000000082d00000| Untracked 
|   2|0x0000000082e00000, 0x0000000082f00000, 0x0000000082f00000|100%| O|  |TAMS 0x0000000082f00000, 0x0000000082e00000| Untracked 
|   3|0x0000000082f00000, 0x0000000083000000, 0x0000000083000000|100%| O|  |TAMS 0x0000000083000000, 0x0000000082f00000| Untracked 
|   4|0x0000000083000000, 0x0000000083100000, 0x0000000083100000|100%| O|  |TAMS 0x0000000083100000, 0x0000000083000000| Untracked 
|   5|0x0000000083100000, 0x0000000083200000, 0x0000000083200000|100%| O|  |TAMS 0x0000000083200000, 0x0000000083100000| Untracked 
|   6|0x0000000083200000, 0x0000000083300000, 0x0000000083300000|100%|HS|  |TAMS 0x0000000083300000, 0x0000000083200000| Complete 
|   7|0x0000000083300000, 0x0000000083400000, 0x0000000083400000|100%|HC|  |TAMS 0x0000000083400000, 0x0000000083300000| Complete 
|   8|0x0000000083400000, 0x0000000083500000, 0x0000000083500000|100%|HC|  |TAMS 0x0000000083500000, 0x0000000083400000| Complete 
|   9|0x0000000083500000, 0x0000000083600000, 0x0000000083600000|100%|HS|  |TAMS 0x0000000083600000, 0x0000000083500000| Complete 
|  10|0x0000000083600000, 0x0000000083700000, 0x0000000083700000|100%|HC|  |TAMS 0x0000000083700000, 0x0000000083600000| Complete 
|  11|0x0000000083700000, 0x0000000083800000, 0x0000000083800000|100%|HC|  |TAMS 0x0000000083800000, 0x0000000083700000| Complete 
|  12|0x0000000083800000, 0x0000000083900000, 0x0000000083900000|100%| O|  |TAMS 0x0000000083900000, 0x0000000083800000| Untracked 
|  13|0x0000000083900000, 0x0000000083a00000, 0x0000000083a00000|100%| O|  |TAMS 0x0000000083a00000, 0x0000000083900000| Untracked 
|  14|0x0000000083a00000, 0x0000000083b00000, 0x0000000083b00000|100%| O|  |TAMS 0x0000000083b00000, 0x0000000083a00000| Untracked 
|  15|0x0000000083b00000, 0x0000000083c00000, 0x0000000083c00000|100%| O|  |TAMS 0x0000000083c00000, 0x0000000083b00000| Untracked 
|  16|0x0000000083c00000, 0x0000000083d00000, 0x0000000083d00000|100%| O|  |TAMS 0x0000000083d00000, 0x0000000083c00000| Untracked 
|  17|0x0000000083d00000, 0x0000000083e00000, 0x0000000083e00000|100%| O|  |TAMS 0x0000000083e00000, 0x0000000083d00000| Untracked 
|  18|0x0000000083e00000, 0x0000000083f00000, 0x0000000083f00000|100%| O|  |TAMS 0x0000000083f00000, 0x0000000083e00000| Untracked 
|  19|0x0000000083f00000, 0x0000000084000000, 0x0000000084000000|100%| O|  |TAMS 0x0000000084000000, 0x0000000083f00000| Untracked 
|  20|0x0000000084000000, 0x0000000084100000, 0x0000000084100000|100%| O|  |TAMS 0x0000000084100000, 0x0000000084000000| Untracked 
|  21|0x0000000084100000, 0x0000000084200000, 0x0000000084200000|100%| O|  |TAMS 0x0000000084200000, 0x0000000084100000| Untracked 
|  22|0x0000000084200000, 0x0000000084300000, 0x0000000084300000|100%| O|  |TAMS 0x0000000084300000, 0x0000000084200000| Untracked 
|  23|0x0000000084300000, 0x0000000084400000, 0x0000000084400000|100%| O|  |TAMS 0x0000000084400000, 0x0000000084300000| Untracked 
|  24|0x0000000084400000, 0x0000000084500000, 0x0000000084500000|100%| O|  |TAMS 0x0000000084500000, 0x0000000084400000| Untracked 
|  25|0x0000000084500000, 0x0000000084600000, 0x0000000084600000|100%| O|  |TAMS 0x0000000084600000, 0x0000000084500000| Untracked 
|  26|0x0000000084600000, 0x0000000084700000, 0x0000000084700000|100%| O|  |TAMS 0x0000000084700000, 0x0000000084600000| Untracked 
|  27|0x0000000084700000, 0x0000000084800000, 0x0000000084800000|100%| O|  |TAMS 0x0000000084800000, 0x0000000084700000| Untracked 
|  28|0x0000000084800000, 0x0000000084900000, 0x0000000084900000|100%| O|  |TAMS 0x0000000084900000, 0x0000000084800000| Untracked 
|  29|0x0000000084900000, 0x0000000084a00000, 0x0000000084a00000|100%| O|  |TAMS 0x0000000084a00000, 0x0000000084900000| Untracked 
|  30|0x0000000084a00000, 0x0000000084b00000, 0x0000000084b00000|100%| O|  |TAMS 0x0000000084b00000, 0x0000000084a00000| Untracked 
|  31|0x0000000084b00000, 0x0000000084c00000, 0x0000000084c00000|100%| O|  |TAMS 0x0000000084c00000, 0x0000000084b00000| Untracked 
|  32|0x0000000084c00000, 0x0000000084d00000, 0x0000000084d00000|100%| O|  |TAMS 0x0000000084d00000, 0x0000000084c00000| Untracked 
|  33|0x0000000084d00000, 0x0000000084e00000, 0x0000000084e00000|100%| O|  |TAMS 0x0000000084e00000, 0x0000000084d00000| Untracked 
|  34|0x0000000084e00000, 0x0000000084f00000, 0x0000000084f00000|100%| O|  |TAMS 0x0000000084f00000, 0x0000000084e00000| Untracked 
|  35|0x0000000084f00000, 0x0000000085000000, 0x0000000085000000|100%| O|  |TAMS 0x0000000085000000, 0x0000000084f00000| Untracked 
|  36|0x0000000085000000, 0x0000000085100000, 0x0000000085100000|100%| O|  |TAMS 0x0000000085100000, 0x0000000085000000| Untracked 
|  37|0x0000000085100000, 0x0000000085200000, 0x0000000085200000|100%| O|  |TAMS 0x0000000085200000, 0x0000000085100000| Untracked 
|  38|0x0000000085200000, 0x0000000085300000, 0x0000000085300000|100%| O|  |TAMS 0x0000000085300000, 0x0000000085200000| Untracked 
|  39|0x0000000085300000, 0x0000000085400000, 0x0000000085400000|100%| O|  |TAMS 0x0000000085400000, 0x0000000085300000| Untracked 
|  40|0x0000000085400000, 0x0000000085500000, 0x0000000085500000|100%| O|  |TAMS 0x0000000085500000, 0x0000000085400000| Untracked 
|  41|0x0000000085500000, 0x0000000085600000, 0x0000000085600000|100%| O|  |TAMS 0x0000000085600000, 0x0000000085500000| Untracked 
|  42|0x0000000085600000, 0x0000000085700000, 0x0000000085700000|100%| O|  |TAMS 0x0000000085700000, 0x0000000085600000| Untracked 
|  43|0x0000000085700000, 0x0000000085800000, 0x0000000085800000|100%| O|  |TAMS 0x0000000085800000, 0x0000000085700000| Untracked 
|  44|0x0000000085800000, 0x0000000085900000, 0x0000000085900000|100%| O|  |TAMS 0x0000000085900000, 0x0000000085800000| Untracked 
|  45|0x0000000085900000, 0x0000000085a00000, 0x0000000085a00000|100%| O|  |TAMS 0x0000000085a00000, 0x0000000085900000| Untracked 
|  46|0x0000000085a00000, 0x0000000085b00000, 0x0000000085b00000|100%| O|  |TAMS 0x0000000085b00000, 0x0000000085a00000| Untracked 
|  47|0x0000000085b00000, 0x0000000085c00000, 0x0000000085c00000|100%| O|  |TAMS 0x0000000085c00000, 0x0000000085b00000| Untracked 
|  48|0x0000000085c00000, 0x0000000085d00000, 0x0000000085d00000|100%| O|  |TAMS 0x0000000085d00000, 0x0000000085c00000| Untracked 
|  49|0x0000000085d00000, 0x0000000085e00000, 0x0000000085e00000|100%| O|  |TAMS 0x0000000085e00000, 0x0000000085d00000| Untracked 
|  50|0x0000000085e00000, 0x0000000085f00000, 0x0000000085f00000|100%| O|  |TAMS 0x0000000085f00000, 0x0000000085e00000| Untracked 
|  51|0x0000000085f00000, 0x0000000086000000, 0x0000000086000000|100%| O|  |TAMS 0x0000000086000000, 0x0000000085f00000| Untracked 
|  52|0x0000000086000000, 0x0000000086100000, 0x0000000086100000|100%| O|  |TAMS 0x0000000086100000, 0x0000000086000000| Untracked 
|  53|0x0000000086100000, 0x0000000086200000, 0x0000000086200000|100%| O|  |TAMS 0x0000000086200000, 0x0000000086100000| Untracked 
|  54|0x0000000086200000, 0x0000000086300000, 0x0000000086300000|100%| O|  |TAMS 0x0000000086300000, 0x0000000086200000| Untracked 
|  55|0x0000000086300000, 0x0000000086400000, 0x0000000086400000|100%| O|  |TAMS 0x0000000086400000, 0x0000000086300000| Untracked 
|  56|0x0000000086400000, 0x0000000086500000, 0x0000000086500000|100%| O|  |TAMS 0x0000000086500000, 0x0000000086400000| Untracked 
|  57|0x0000000086500000, 0x0000000086600000, 0x0000000086600000|100%| O|  |TAMS 0x0000000086600000, 0x0000000086500000| Untracked 
|  58|0x0000000086600000, 0x0000000086700000, 0x0000000086700000|100%| O|  |TAMS 0x0000000086700000, 0x0000000086600000| Untracked 
|  59|0x0000000086700000, 0x0000000086800000, 0x0000000086800000|100%| O|  |TAMS 0x0000000086800000, 0x0000000086700000| Untracked 
|  60|0x0000000086800000, 0x0000000086900000, 0x0000000086900000|100%| O|  |TAMS 0x0000000086900000, 0x0000000086800000| Untracked 
|  61|0x0000000086900000, 0x0000000086a00000, 0x0000000086a00000|100%| O|  |TAMS 0x0000000086a00000, 0x0000000086900000| Untracked 
|  62|0x0000000086a00000, 0x0000000086b00000, 0x0000000086b00000|100%| O|  |TAMS 0x0000000086b00000, 0x0000000086a00000| Untracked 
|  63|0x0000000086b00000, 0x0000000086c00000, 0x0000000086c00000|100%| O|  |TAMS 0x0000000086c00000, 0x0000000086b00000| Untracked 
|  64|0x0000000086c00000, 0x0000000086d00000, 0x0000000086d00000|100%| O|  |TAMS 0x0000000086d00000, 0x0000000086c00000| Untracked 
|  65|0x0000000086d00000, 0x0000000086e00000, 0x0000000086e00000|100%| O|  |TAMS 0x0000000086e00000, 0x0000000086d00000| Untracked 
|  66|0x0000000086e00000, 0x0000000086f00000, 0x0000000086f00000|100%| O|  |TAMS 0x0000000086f00000, 0x0000000086e00000| Untracked 
|  67|0x0000000086f00000, 0x0000000087000000, 0x0000000087000000|100%| O|  |TAMS 0x0000000087000000, 0x0000000086f00000| Untracked 
|  68|0x0000000087000000, 0x0000000087100000, 0x0000000087100000|100%| O|  |TAMS 0x0000000087100000, 0x0000000087000000| Untracked 
|  69|0x0000000087100000, 0x0000000087200000, 0x0000000087200000|100%| O|  |TAMS 0x0000000087200000, 0x0000000087100000| Untracked 
|  70|0x0000000087200000, 0x0000000087300000, 0x0000000087300000|100%| O|  |TAMS 0x0000000087300000, 0x0000000087200000| Untracked 
|  71|0x0000000087300000, 0x0000000087400000, 0x0000000087400000|100%| O|  |TAMS 0x0000000087400000, 0x0000000087300000| Untracked 
|  72|0x0000000087400000, 0x0000000087500000, 0x0000000087500000|100%| O|  |TAMS 0x0000000087500000, 0x0000000087400000| Untracked 
|  73|0x0000000087500000, 0x0000000087600000, 0x0000000087600000|100%| O|  |TAMS 0x0000000087600000, 0x0000000087500000| Untracked 
|  74|0x0000000087600000, 0x0000000087700000, 0x0000000087700000|100%| O|  |TAMS 0x0000000087700000, 0x0000000087600000| Untracked 
|  75|0x0000000087700000, 0x0000000087800000, 0x0000000087800000|100%| O|  |TAMS 0x0000000087800000, 0x0000000087700000| Untracked 
|  76|0x0000000087800000, 0x0000000087900000, 0x0000000087900000|100%| O|  |TAMS 0x0000000087900000, 0x0000000087800000| Untracked 
|  77|0x0000000087900000, 0x0000000087a00000, 0x0000000087a00000|100%| O|  |TAMS 0x0000000087a00000, 0x0000000087900000| Untracked 
|  78|0x0000000087a00000, 0x0000000087b00000, 0x0000000087b00000|100%| O|  |TAMS 0x0000000087b00000, 0x0000000087a00000| Untracked 
|  79|0x0000000087b00000, 0x0000000087c00000, 0x0000000087c00000|100%| O|  |TAMS 0x0000000087c00000, 0x0000000087b00000| Untracked 
|  80|0x0000000087c00000, 0x0000000087d00000, 0x0000000087d00000|100%| O|  |TAMS 0x0000000087d00000, 0x0000000087c00000| Untracked 
|  81|0x0000000087d00000, 0x0000000087e00000, 0x0000000087e00000|100%| O|  |TAMS 0x0000000087e00000, 0x0000000087d00000| Untracked 
|  82|0x0000000087e00000, 0x0000000087f00000, 0x0000000087f00000|100%| O|  |TAMS 0x0000000087f00000, 0x0000000087e00000| Untracked 
|  83|0x0000000087f00000, 0x0000000088000000, 0x0000000088000000|100%| O|  |TAMS 0x0000000088000000, 0x0000000087f00000| Untracked 
|  84|0x0000000088000000, 0x0000000088100000, 0x0000000088100000|100%| O|  |TAMS 0x0000000088100000, 0x0000000088000000| Untracked 
|  85|0x0000000088100000, 0x0000000088200000, 0x0000000088200000|100%| O|  |TAMS 0x0000000088200000, 0x0000000088100000| Untracked 
|  86|0x0000000088200000, 0x0000000088300000, 0x0000000088300000|100%| O|  |TAMS 0x0000000088300000, 0x0000000088200000| Untracked 
|  87|0x0000000088300000, 0x0000000088400000, 0x0000000088400000|100%| O|  |TAMS 0x0000000088400000, 0x0000000088300000| Untracked 
|  88|0x0000000088400000, 0x0000000088500000, 0x0000000088500000|100%| O|  |TAMS 0x0000000088500000, 0x0000000088400000| Untracked 
|  89|0x0000000088500000, 0x0000000088600000, 0x0000000088600000|100%| O|  |TAMS 0x0000000088600000, 0x0000000088500000| Untracked 
|  90|0x0000000088600000, 0x0000000088700000, 0x0000000088700000|100%| O|  |TAMS 0x0000000088700000, 0x0000000088600000| Untracked 
|  91|0x0000000088700000, 0x0000000088800000, 0x0000000088800000|100%| O|  |TAMS 0x0000000088800000, 0x0000000088700000| Untracked 
|  92|0x0000000088800000, 0x0000000088900000, 0x0000000088900000|100%| O|  |TAMS 0x0000000088900000, 0x0000000088800000| Untracked 
|  93|0x0000000088900000, 0x0000000088a00000, 0x0000000088a00000|100%| O|  |TAMS 0x0000000088a00000, 0x0000000088900000| Untracked 
|  94|0x0000000088a00000, 0x0000000088b00000, 0x0000000088b00000|100%| O|  |TAMS 0x0000000088b00000, 0x0000000088a00000| Untracked 
|  95|0x0000000088b00000, 0x0000000088c00000, 0x0000000088c00000|100%| O|  |TAMS 0x0000000088c00000, 0x0000000088b00000| Untracked 
|  96|0x0000000088c00000, 0x0000000088d00000, 0x0000000088d00000|100%| O|  |TAMS 0x0000000088d00000, 0x0000000088c00000| Untracked 
|  97|0x0000000088d00000, 0x0000000088e00000, 0x0000000088e00000|100%| O|  |TAMS 0x0000000088e00000, 0x0000000088d00000| Untracked 
|  98|0x0000000088e00000, 0x0000000088f00000, 0x0000000088f00000|100%| O|  |TAMS 0x0000000088f00000, 0x0000000088e00000| Untracked 
|  99|0x0000000088f00000, 0x0000000089000000, 0x0000000089000000|100%| O|  |TAMS 0x0000000089000000, 0x0000000088f00000| Untracked 
| 100|0x0000000089000000, 0x0000000089100000, 0x0000000089100000|100%| O|  |TAMS 0x0000000089100000, 0x0000000089000000| Untracked 
| 101|0x0000000089100000, 0x0000000089200000, 0x0000000089200000|100%| O|  |TAMS 0x0000000089200000, 0x0000000089100000| Untracked 
| 102|0x0000000089200000, 0x0000000089300000, 0x0000000089300000|100%| O|  |TAMS 0x0000000089300000, 0x0000000089200000| Untracked 
| 103|0x0000000089300000, 0x0000000089400000, 0x0000000089400000|100%| O|  |TAMS 0x0000000089400000, 0x0000000089300000| Untracked 
| 104|0x0000000089400000, 0x0000000089500000, 0x0000000089500000|100%| O|  |TAMS 0x0000000089500000, 0x0000000089400000| Untracked 
| 105|0x0000000089500000, 0x0000000089600000, 0x0000000089600000|100%| O|  |TAMS 0x0000000089600000, 0x0000000089500000| Untracked 
| 106|0x0000000089600000, 0x0000000089700000, 0x0000000089700000|100%| O|  |TAMS 0x0000000089700000, 0x0000000089600000| Untracked 
| 107|0x0000000089700000, 0x0000000089800000, 0x0000000089800000|100%| O|  |TAMS 0x0000000089800000, 0x0000000089700000| Untracked 
| 108|0x0000000089800000, 0x0000000089900000, 0x0000000089900000|100%| O|  |TAMS 0x0000000089900000, 0x0000000089800000| Untracked 
| 109|0x0000000089900000, 0x0000000089a00000, 0x0000000089a00000|100%| O|  |TAMS 0x0000000089a00000, 0x0000000089900000| Untracked 
| 110|0x0000000089a00000, 0x0000000089b00000, 0x0000000089b00000|100%| O|  |TAMS 0x0000000089a00000, 0x0000000089a00000| Untracked 
| 111|0x0000000089b00000, 0x0000000089c00000, 0x0000000089c00000|100%| O|  |TAMS 0x0000000089b00000, 0x0000000089b00000| Untracked 
| 112|0x0000000089c00000, 0x0000000089d00000, 0x0000000089d00000|100%| O|  |TAMS 0x0000000089c00000, 0x0000000089c00000| Untracked 
| 113|0x0000000089d00000, 0x0000000089e00000, 0x0000000089e00000|100%| O|  |TAMS 0x0000000089d00000, 0x0000000089d00000| Untracked 
| 114|0x0000000089e00000, 0x0000000089f00000, 0x0000000089f00000|100%| O|  |TAMS 0x0000000089e00000, 0x0000000089e00000| Untracked 
| 115|0x0000000089f00000, 0x000000008a000000, 0x000000008a000000|100%| O|  |TAMS 0x0000000089f00000, 0x0000000089f00000| Untracked 
| 116|0x000000008a000000, 0x000000008a100000, 0x000000008a100000|100%| O|  |TAMS 0x000000008a000000, 0x000000008a000000| Untracked 
| 117|0x000000008a100000, 0x000000008a200000, 0x000000008a200000|100%| O|  |TAMS 0x000000008a100000, 0x000000008a100000| Untracked 
| 118|0x000000008a200000, 0x000000008a300000, 0x000000008a300000|100%| O|  |TAMS 0x000000008a200000, 0x000000008a200000| Untracked 
| 119|0x000000008a300000, 0x000000008a400000, 0x000000008a400000|100%| O|  |TAMS 0x000000008a300000, 0x000000008a300000| Untracked 
| 120|0x000000008a400000, 0x000000008a500000, 0x000000008a500000|100%| O|  |TAMS 0x000000008a400000, 0x000000008a400000| Untracked 
| 121|0x000000008a500000, 0x000000008a600000, 0x000000008a600000|100%| O|  |TAMS 0x000000008a500000, 0x000000008a500000| Untracked 
| 122|0x000000008a600000, 0x000000008a700000, 0x000000008a700000|100%| O|  |TAMS 0x000000008a600000, 0x000000008a600000| Untracked 
| 123|0x000000008a700000, 0x000000008a800000, 0x000000008a800000|100%| O|  |TAMS 0x000000008a700000, 0x000000008a700000| Untracked 
| 124|0x000000008a800000, 0x000000008a900000, 0x000000008a900000|100%| O|  |TAMS 0x000000008a800000, 0x000000008a800000| Untracked 
| 125|0x000000008a900000, 0x000000008aa00000, 0x000000008aa00000|100%| O|  |TAMS 0x000000008a900000, 0x000000008a900000| Untracked 
| 126|0x000000008aa00000, 0x000000008ab00000, 0x000000008ab00000|100%| O|  |TAMS 0x000000008aa00000, 0x000000008aa00000| Untracked 
| 127|0x000000008ab00000, 0x000000008ac00000, 0x000000008ac00000|100%| O|  |TAMS 0x000000008ab00000, 0x000000008ab00000| Untracked 
| 128|0x000000008ac00000, 0x000000008ad00000, 0x000000008ad00000|100%| O|  |TAMS 0x000000008ac00000, 0x000000008ac00000| Untracked 
| 129|0x000000008ad00000, 0x000000008ae00000, 0x000000008ae00000|100%| O|  |TAMS 0x000000008ad00000, 0x000000008ad00000| Untracked 
| 130|0x000000008ae00000, 0x000000008af00000, 0x000000008af00000|100%| O|  |TAMS 0x000000008ae00000, 0x000000008ae00000| Untracked 
| 131|0x000000008af00000, 0x000000008b000000, 0x000000008b000000|100%| O|  |TAMS 0x000000008af00000, 0x000000008af00000| Untracked 
| 132|0x000000008b000000, 0x000000008b100000, 0x000000008b100000|100%| O|  |TAMS 0x000000008b000000, 0x000000008b000000| Untracked 
| 133|0x000000008b100000, 0x000000008b200000, 0x000000008b200000|100%| O|  |TAMS 0x000000008b100000, 0x000000008b100000| Untracked 
| 134|0x000000008b200000, 0x000000008b300000, 0x000000008b300000|100%| O|  |TAMS 0x000000008b200000, 0x000000008b200000| Untracked 
| 135|0x000000008b300000, 0x000000008b400000, 0x000000008b400000|100%| O|  |TAMS 0x000000008b300000, 0x000000008b300000| Untracked 
| 136|0x000000008b400000, 0x000000008b500000, 0x000000008b500000|100%| O|  |TAMS 0x000000008b400000, 0x000000008b400000| Untracked 
| 137|0x000000008b500000, 0x000000008b600000, 0x000000008b600000|100%| O|  |TAMS 0x000000008b500000, 0x000000008b500000| Untracked 
| 138|0x000000008b600000, 0x000000008b700000, 0x000000008b700000|100%| O|  |TAMS 0x000000008b600000, 0x000000008b600000| Untracked 
| 139|0x000000008b700000, 0x000000008b800000, 0x000000008b800000|100%| O|  |TAMS 0x000000008b700000, 0x000000008b700000| Untracked 
| 140|0x000000008b800000, 0x000000008b900000, 0x000000008b900000|100%| O|  |TAMS 0x000000008b800000, 0x000000008b800000| Untracked 
| 141|0x000000008b900000, 0x000000008ba00000, 0x000000008ba00000|100%| O|  |TAMS 0x000000008b900000, 0x000000008b900000| Untracked 
| 142|0x000000008ba00000, 0x000000008bb00000, 0x000000008bb00000|100%| O|  |TAMS 0x000000008ba00000, 0x000000008ba00000| Untracked 
| 143|0x000000008bb00000, 0x000000008bc00000, 0x000000008bc00000|100%| O|  |TAMS 0x000000008bb00000, 0x000000008bb00000| Untracked 
| 144|0x000000008bc00000, 0x000000008bd00000, 0x000000008bd00000|100%| O|  |TAMS 0x000000008bc00000, 0x000000008bc00000| Untracked 
| 145|0x000000008bd00000, 0x000000008be00000, 0x000000008be00000|100%| O|  |TAMS 0x000000008bd00000, 0x000000008bd00000| Untracked 
| 146|0x000000008be00000, 0x000000008bf00000, 0x000000008bf00000|100%| O|  |TAMS 0x000000008be00000, 0x000000008be00000| Untracked 
| 147|0x000000008bf00000, 0x000000008c000000, 0x000000008c000000|100%| O|  |TAMS 0x000000008bf00000, 0x000000008bf00000| Untracked 
| 148|0x000000008c000000, 0x000000008c100000, 0x000000008c100000|100%| O|  |TAMS 0x000000008c000000, 0x000000008c000000| Untracked 
| 149|0x000000008c100000, 0x000000008c200000, 0x000000008c200000|100%| O|  |TAMS 0x000000008c100000, 0x000000008c100000| Untracked 
| 150|0x000000008c200000, 0x000000008c300000, 0x000000008c300000|100%| O|  |TAMS 0x000000008c200000, 0x000000008c200000| Untracked 
| 151|0x000000008c300000, 0x000000008c400000, 0x000000008c400000|100%| O|  |TAMS 0x000000008c300000, 0x000000008c300000| Untracked 
| 152|0x000000008c400000, 0x000000008c500000, 0x000000008c500000|100%| O|  |TAMS 0x000000008c400000, 0x000000008c400000| Untracked 
| 153|0x000000008c500000, 0x000000008c600000, 0x000000008c600000|100%| O|  |TAMS 0x000000008c500000, 0x000000008c500000| Untracked 
| 154|0x000000008c600000, 0x000000008c700000, 0x000000008c700000|100%| O|  |TAMS 0x000000008c600000, 0x000000008c600000| Untracked 
| 155|0x000000008c700000, 0x000000008c800000, 0x000000008c800000|100%| O|  |TAMS 0x000000008c700000, 0x000000008c700000| Untracked 
| 156|0x000000008c800000, 0x000000008c900000, 0x000000008c900000|100%| O|  |TAMS 0x000000008c800000, 0x000000008c800000| Untracked 
| 157|0x000000008c900000, 0x000000008ca00000, 0x000000008ca00000|100%| O|  |TAMS 0x000000008c900000, 0x000000008c900000| Untracked 
| 158|0x000000008ca00000, 0x000000008cb00000, 0x000000008cb00000|100%| O|  |TAMS 0x000000008ca00000, 0x000000008ca00000| Untracked 
| 159|0x000000008cb00000, 0x000000008cc00000, 0x000000008cc00000|100%| O|  |TAMS 0x000000008cb00000, 0x000000008cb00000| Untracked 
| 160|0x000000008cc00000, 0x000000008cd00000, 0x000000008cd00000|100%| O|  |TAMS 0x000000008cc00000, 0x000000008cc00000| Untracked 
| 161|0x000000008cd00000, 0x000000008ce00000, 0x000000008ce00000|100%| O|  |TAMS 0x000000008cd00000, 0x000000008cd00000| Untracked 
| 162|0x000000008ce00000, 0x000000008cf00000, 0x000000008cf00000|100%| O|  |TAMS 0x000000008ce00000, 0x000000008ce00000| Untracked 
| 163|0x000000008cf00000, 0x000000008d000000, 0x000000008d000000|100%| O|  |TAMS 0x000000008cf00000, 0x000000008cf00000| Untracked 
| 164|0x000000008d000000, 0x000000008d100000, 0x000000008d100000|100%| O|  |TAMS 0x000000008d000000, 0x000000008d000000| Untracked 
| 165|0x000000008d100000, 0x000000008d200000, 0x000000008d200000|100%| O|  |TAMS 0x000000008d100000, 0x000000008d100000| Untracked 
| 166|0x000000008d200000, 0x000000008d300000, 0x000000008d300000|100%| O|  |TAMS 0x000000008d200000, 0x000000008d200000| Untracked 
| 167|0x000000008d300000, 0x000000008d400000, 0x000000008d400000|100%| O|  |TAMS 0x000000008d300000, 0x000000008d300000| Untracked 
| 168|0x000000008d400000, 0x000000008d500000, 0x000000008d500000|100%| O|  |TAMS 0x000000008d400000, 0x000000008d400000| Untracked 
| 169|0x000000008d500000, 0x000000008d600000, 0x000000008d600000|100%| O|  |TAMS 0x000000008d500000, 0x000000008d500000| Untracked 
| 170|0x000000008d600000, 0x000000008d700000, 0x000000008d700000|100%| O|  |TAMS 0x000000008d600000, 0x000000008d600000| Untracked 
| 171|0x000000008d700000, 0x000000008d800000, 0x000000008d800000|100%| O|  |TAMS 0x000000008d700000, 0x000000008d700000| Untracked 
| 172|0x000000008d800000, 0x000000008d900000, 0x000000008d900000|100%| O|  |TAMS 0x000000008d800000, 0x000000008d800000| Untracked 
| 173|0x000000008d900000, 0x000000008da00000, 0x000000008da00000|100%| O|  |TAMS 0x000000008d900000, 0x000000008d900000| Untracked 
| 174|0x000000008da00000, 0x000000008db00000, 0x000000008db00000|100%| O|  |TAMS 0x000000008da00000, 0x000000008da00000| Untracked 
| 175|0x000000008db00000, 0x000000008dc00000, 0x000000008dc00000|100%| O|  |TAMS 0x000000008db00000, 0x000000008db00000| Untracked 
| 176|0x000000008dc00000, 0x000000008dd00000, 0x000000008dd00000|100%| O|  |TAMS 0x000000008dc00000, 0x000000008dc00000| Untracked 
| 177|0x000000008dd00000, 0x000000008de00000, 0x000000008de00000|100%| O|  |TAMS 0x000000008dd00000, 0x000000008dd00000| Untracked 
| 178|0x000000008de00000, 0x000000008df00000, 0x000000008df00000|100%| O|  |TAMS 0x000000008de00000, 0x000000008de00000| Untracked 
| 179|0x000000008df00000, 0x000000008e000000, 0x000000008e000000|100%| O|  |TAMS 0x000000008df00000, 0x000000008df00000| Untracked 
| 180|0x000000008e000000, 0x000000008e100000, 0x000000008e100000|100%| O|  |TAMS 0x000000008e000000, 0x000000008e000000| Untracked 
| 181|0x000000008e100000, 0x000000008e200000, 0x000000008e200000|100%| O|  |TAMS 0x000000008e100000, 0x000000008e100000| Untracked 
| 182|0x000000008e200000, 0x000000008e300000, 0x000000008e300000|100%| O|  |TAMS 0x000000008e200000, 0x000000008e200000| Untracked 
| 183|0x000000008e300000, 0x000000008e400000, 0x000000008e400000|100%| O|  |TAMS 0x000000008e300000, 0x000000008e300000| Untracked 
| 184|0x000000008e400000, 0x000000008e500000, 0x000000008e500000|100%| O|  |TAMS 0x000000008e400000, 0x000000008e400000| Untracked 
| 185|0x000000008e500000, 0x000000008e600000, 0x000000008e600000|100%| O|  |TAMS 0x000000008e500000, 0x000000008e500000| Untracked 
| 186|0x000000008e600000, 0x000000008e700000, 0x000000008e700000|100%| O|  |TAMS 0x000000008e600000, 0x000000008e600000| Untracked 
| 187|0x000000008e700000, 0x000000008e800000, 0x000000008e800000|100%| O|  |TAMS 0x000000008e700000, 0x000000008e700000| Untracked 
| 188|0x000000008e800000, 0x000000008e900000, 0x000000008e900000|100%| O|  |TAMS 0x000000008e800000, 0x000000008e800000| Untracked 
| 189|0x000000008e900000, 0x000000008ea00000, 0x000000008ea00000|100%| O|  |TAMS 0x000000008e900000, 0x000000008e900000| Untracked 
| 190|0x000000008ea00000, 0x000000008eb00000, 0x000000008eb00000|100%| O|  |TAMS 0x000000008ea00000, 0x000000008ea00000| Untracked 
| 191|0x000000008eb00000, 0x000000008ec00000, 0x000000008ec00000|100%| O|  |TAMS 0x000000008eb00000, 0x000000008eb00000| Untracked 
| 192|0x000000008ec00000, 0x000000008ed00000, 0x000000008ed00000|100%| O|  |TAMS 0x000000008ec00000, 0x000000008ec00000| Untracked 
| 193|0x000000008ed00000, 0x000000008ee00000, 0x000000008ee00000|100%| O|  |TAMS 0x000000008ed00000, 0x000000008ed00000| Untracked 
| 194|0x000000008ee00000, 0x000000008ef00000, 0x000000008ef00000|100%| O|  |TAMS 0x000000008ee00000, 0x000000008ee00000| Untracked 
| 195|0x000000008ef00000, 0x000000008f000000, 0x000000008f000000|100%| O|  |TAMS 0x000000008ef00000, 0x000000008ef00000| Untracked 
| 196|0x000000008f000000, 0x000000008f100000, 0x000000008f100000|100%| O|  |TAMS 0x000000008f000000, 0x000000008f000000| Untracked 
| 197|0x000000008f100000, 0x000000008f200000, 0x000000008f200000|100%| O|  |TAMS 0x000000008f100000, 0x000000008f100000| Untracked 
| 198|0x000000008f200000, 0x000000008f300000, 0x000000008f300000|100%| O|  |TAMS 0x000000008f200000, 0x000000008f200000| Untracked 
| 199|0x000000008f300000, 0x000000008f400000, 0x000000008f400000|100%| O|  |TAMS 0x000000008f300000, 0x000000008f300000| Untracked 
| 200|0x000000008f400000, 0x000000008f500000, 0x000000008f500000|100%| O|  |TAMS 0x000000008f400000, 0x000000008f400000| Untracked 
| 201|0x000000008f500000, 0x000000008f600000, 0x000000008f600000|100%| O|  |TAMS 0x000000008f500000, 0x000000008f500000| Untracked 
| 202|0x000000008f600000, 0x000000008f700000, 0x000000008f700000|100%| O|  |TAMS 0x000000008f600000, 0x000000008f600000| Untracked 
| 203|0x000000008f700000, 0x000000008f800000, 0x000000008f800000|100%| O|  |TAMS 0x000000008f700000, 0x000000008f700000| Untracked 
| 204|0x000000008f800000, 0x000000008f900000, 0x000000008f900000|100%| O|  |TAMS 0x000000008f800000, 0x000000008f800000| Untracked 
| 205|0x000000008f900000, 0x000000008fa00000, 0x000000008fa00000|100%| O|  |TAMS 0x000000008f900000, 0x000000008f900000| Untracked 
| 206|0x000000008fa00000, 0x000000008fb00000, 0x000000008fb00000|100%| O|  |TAMS 0x000000008fa00000, 0x000000008fa00000| Untracked 
| 207|0x000000008fb00000, 0x000000008fc00000, 0x000000008fc00000|100%| O|  |TAMS 0x000000008fb00000, 0x000000008fb00000| Untracked 
| 208|0x000000008fc00000, 0x000000008fd00000, 0x000000008fd00000|100%| O|  |TAMS 0x000000008fc00000, 0x000000008fc00000| Untracked 
| 209|0x000000008fd00000, 0x000000008fe00000, 0x000000008fe00000|100%| O|  |TAMS 0x000000008fd00000, 0x000000008fd00000| Untracked 
| 210|0x000000008fe00000, 0x000000008ff00000, 0x000000008ff00000|100%| O|  |TAMS 0x000000008fe00000, 0x000000008fe00000| Untracked 
| 211|0x000000008ff00000, 0x0000000090000000, 0x0000000090000000|100%| O|  |TAMS 0x000000008ff00000, 0x000000008ff00000| Untracked 
| 212|0x0000000090000000, 0x0000000090100000, 0x0000000090100000|100%| O|  |TAMS 0x0000000090000000, 0x0000000090000000| Untracked 
| 213|0x0000000090100000, 0x0000000090200000, 0x0000000090200000|100%| O|  |TAMS 0x0000000090100000, 0x0000000090100000| Untracked 
| 214|0x0000000090200000, 0x0000000090300000, 0x0000000090300000|100%| O|  |TAMS 0x0000000090200000, 0x0000000090200000| Untracked 
| 215|0x0000000090300000, 0x0000000090400000, 0x0000000090400000|100%| O|  |TAMS 0x0000000090300000, 0x0000000090300000| Untracked 
| 216|0x0000000090400000, 0x0000000090500000, 0x0000000090500000|100%| O|  |TAMS 0x0000000090400000, 0x0000000090400000| Untracked 
| 217|0x0000000090500000, 0x0000000090600000, 0x0000000090600000|100%| O|  |TAMS 0x0000000090500000, 0x0000000090500000| Untracked 
| 218|0x0000000090600000, 0x0000000090700000, 0x0000000090700000|100%| O|  |TAMS 0x0000000090600000, 0x0000000090600000| Untracked 
| 219|0x0000000090700000, 0x0000000090800000, 0x0000000090800000|100%| O|  |TAMS 0x0000000090700000, 0x0000000090700000| Untracked 
| 220|0x0000000090800000, 0x0000000090900000, 0x0000000090900000|100%| O|  |TAMS 0x0000000090800000, 0x0000000090800000| Untracked 
| 221|0x0000000090900000, 0x0000000090a00000, 0x0000000090a00000|100%| O|  |TAMS 0x0000000090900000, 0x0000000090900000| Untracked 
| 222|0x0000000090a00000, 0x0000000090a00000, 0x0000000090b00000|  0%| F|  |TAMS 0x0000000090a00000, 0x0000000090a00000| Untracked 
| 223|0x0000000090b00000, 0x0000000090b00000, 0x0000000090c00000|  0%| F|  |TAMS 0x0000000090b00000, 0x0000000090b00000| Untracked 
| 224|0x0000000090c00000, 0x0000000090c00000, 0x0000000090d00000|  0%| F|  |TAMS 0x0000000090c00000, 0x0000000090c00000| Untracked 
| 225|0x0000000090d00000, 0x0000000090d00000, 0x0000000090e00000|  0%| F|  |TAMS 0x0000000090d00000, 0x0000000090d00000| Untracked 
| 226|0x0000000090e00000, 0x0000000090e00000, 0x0000000090f00000|  0%| F|  |TAMS 0x0000000090e00000, 0x0000000090e00000| Untracked 
| 227|0x0000000090f00000, 0x0000000090f00000, 0x0000000091000000|  0%| F|  |TAMS 0x0000000090f00000, 0x0000000090f00000| Untracked 
| 228|0x0000000091000000, 0x0000000091000000, 0x0000000091100000|  0%| F|  |TAMS 0x0000000091000000, 0x0000000091000000| Untracked 
| 229|0x0000000091100000, 0x0000000091100000, 0x0000000091200000|  0%| F|  |TAMS 0x0000000091100000, 0x0000000091100000| Untracked 
| 230|0x0000000091200000, 0x0000000091200000, 0x0000000091300000|  0%| F|  |TAMS 0x0000000091200000, 0x0000000091200000| Untracked 
| 231|0x0000000091300000, 0x0000000091300000, 0x0000000091400000|  0%| F|  |TAMS 0x0000000091300000, 0x0000000091300000| Untracked 
| 232|0x0000000091400000, 0x0000000091400000, 0x0000000091500000|  0%| F|  |TAMS 0x0000000091400000, 0x0000000091400000| Untracked 
| 233|0x0000000091500000, 0x0000000091500000, 0x0000000091600000|  0%| F|  |TAMS 0x0000000091500000, 0x0000000091500000| Untracked 
| 234|0x0000000091600000, 0x0000000091600000, 0x0000000091700000|  0%| F|  |TAMS 0x0000000091600000, 0x0000000091600000| Untracked 
| 235|0x0000000091700000, 0x0000000091700000, 0x0000000091800000|  0%| F|  |TAMS 0x0000000091700000, 0x0000000091700000| Untracked 
| 236|0x0000000091800000, 0x0000000091800000, 0x0000000091900000|  0%| F|  |TAMS 0x0000000091800000, 0x0000000091800000| Untracked 
| 237|0x0000000091900000, 0x0000000091900000, 0x0000000091a00000|  0%| F|  |TAMS 0x0000000091900000, 0x0000000091900000| Untracked 
| 238|0x0000000091a00000, 0x0000000091a00000, 0x0000000091b00000|  0%| F|  |TAMS 0x0000000091a00000, 0x0000000091a00000| Untracked 
| 239|0x0000000091b00000, 0x0000000091b00000, 0x0000000091c00000|  0%| F|  |TAMS 0x0000000091b00000, 0x0000000091b00000| Untracked 
| 240|0x0000000091c00000, 0x0000000091c00000, 0x0000000091d00000|  0%| F|  |TAMS 0x0000000091c00000, 0x0000000091c00000| Untracked 
| 241|0x0000000091d00000, 0x0000000091d00000, 0x0000000091e00000|  0%| F|  |TAMS 0x0000000091d00000, 0x0000000091d00000| Untracked 
| 242|0x0000000091e00000, 0x0000000091e00000, 0x0000000091f00000|  0%| F|  |TAMS 0x0000000091e00000, 0x0000000091e00000| Untracked 
| 243|0x0000000091f00000, 0x0000000091f00000, 0x0000000092000000|  0%| F|  |TAMS 0x0000000091f00000, 0x0000000091f00000| Untracked 
| 244|0x0000000092000000, 0x0000000092000000, 0x0000000092100000|  0%| F|  |TAMS 0x0000000092000000, 0x0000000092000000| Untracked 
| 245|0x0000000092100000, 0x0000000092100000, 0x0000000092200000|  0%| F|  |TAMS 0x0000000092100000, 0x0000000092100000| Untracked 
| 246|0x0000000092200000, 0x0000000092200000, 0x0000000092300000|  0%| F|  |TAMS 0x0000000092200000, 0x0000000092200000| Untracked 
| 247|0x0000000092300000, 0x0000000092300000, 0x0000000092400000|  0%| F|  |TAMS 0x0000000092300000, 0x0000000092300000| Untracked 
| 248|0x0000000092400000, 0x0000000092400000, 0x0000000092500000|  0%| F|  |TAMS 0x0000000092400000, 0x0000000092400000| Untracked 
| 249|0x0000000092500000, 0x0000000092500000, 0x0000000092600000|  0%| F|  |TAMS 0x0000000092500000, 0x0000000092500000| Untracked 
| 250|0x0000000092600000, 0x0000000092600000, 0x0000000092700000|  0%| F|  |TAMS 0x0000000092600000, 0x0000000092600000| Untracked 
| 251|0x0000000092700000, 0x0000000092700000, 0x0000000092800000|  0%| F|  |TAMS 0x0000000092700000, 0x0000000092700000| Untracked 
| 252|0x0000000092800000, 0x0000000092800000, 0x0000000092900000|  0%| F|  |TAMS 0x0000000092800000, 0x0000000092800000| Untracked 
| 253|0x0000000092900000, 0x0000000092900000, 0x0000000092a00000|  0%| F|  |TAMS 0x0000000092900000, 0x0000000092900000| Untracked 
| 254|0x0000000092a00000, 0x0000000092a00000, 0x0000000092b00000|  0%| F|  |TAMS 0x0000000092a00000, 0x0000000092a00000| Untracked 
| 255|0x0000000092b00000, 0x0000000092b00000, 0x0000000092c00000|  0%| F|  |TAMS 0x0000000092b00000, 0x0000000092b00000| Untracked 
| 256|0x0000000092c00000, 0x0000000092c00000, 0x0000000092d00000|  0%| F|  |TAMS 0x0000000092c00000, 0x0000000092c00000| Untracked 
| 257|0x0000000092d00000, 0x0000000092d00000, 0x0000000092e00000|  0%| F|  |TAMS 0x0000000092d00000, 0x0000000092d00000| Untracked 
| 258|0x0000000092e00000, 0x0000000092e00000, 0x0000000092f00000|  0%| F|  |TAMS 0x0000000092e00000, 0x0000000092e00000| Untracked 
| 259|0x0000000092f00000, 0x0000000092f00000, 0x0000000093000000|  0%| F|  |TAMS 0x0000000092f00000, 0x0000000092f00000| Untracked 
| 260|0x0000000093000000, 0x0000000093000000, 0x0000000093100000|  0%| F|  |TAMS 0x0000000093000000, 0x0000000093000000| Untracked 
| 261|0x0000000093100000, 0x0000000093100000, 0x0000000093200000|  0%| F|  |TAMS 0x0000000093100000, 0x0000000093100000| Untracked 
| 262|0x0000000093200000, 0x0000000093200000, 0x0000000093300000|  0%| F|  |TAMS 0x0000000093200000, 0x0000000093200000| Untracked 
| 263|0x0000000093300000, 0x0000000093300000, 0x0000000093400000|  0%| F|  |TAMS 0x0000000093300000, 0x0000000093300000| Untracked 
| 264|0x0000000093400000, 0x0000000093400000, 0x0000000093500000|  0%| F|  |TAMS 0x0000000093400000, 0x0000000093400000| Untracked 
| 265|0x0000000093500000, 0x0000000093500000, 0x0000000093600000|  0%| F|  |TAMS 0x0000000093500000, 0x0000000093500000| Untracked 
| 266|0x0000000093600000, 0x0000000093600000, 0x0000000093700000|  0%| F|  |TAMS 0x0000000093600000, 0x0000000093600000| Untracked 
| 267|0x0000000093700000, 0x0000000093700000, 0x0000000093800000|  0%| F|  |TAMS 0x0000000093700000, 0x0000000093700000| Untracked 
| 268|0x0000000093800000, 0x0000000093800000, 0x0000000093900000|  0%| F|  |TAMS 0x0000000093800000, 0x0000000093800000| Untracked 
| 269|0x0000000093900000, 0x0000000093900000, 0x0000000093a00000|  0%| F|  |TAMS 0x0000000093900000, 0x0000000093900000| Untracked 
| 270|0x0000000093a00000, 0x0000000093a00000, 0x0000000093b00000|  0%| F|  |TAMS 0x0000000093a00000, 0x0000000093a00000| Untracked 
| 271|0x0000000093b00000, 0x0000000093b00000, 0x0000000093c00000|  0%| F|  |TAMS 0x0000000093b00000, 0x0000000093b00000| Untracked 
| 272|0x0000000093c00000, 0x0000000093c00000, 0x0000000093d00000|  0%| F|  |TAMS 0x0000000093c00000, 0x0000000093c00000| Untracked 
| 273|0x0000000093d00000, 0x0000000093e00000, 0x0000000093e00000|100%| S|CS|TAMS 0x0000000093d00000, 0x0000000093d00000| Complete 
| 274|0x0000000093e00000, 0x0000000093f00000, 0x0000000093f00000|100%| S|CS|TAMS 0x0000000093e00000, 0x0000000093e00000| Complete 
| 275|0x0000000093f00000, 0x0000000094000000, 0x0000000094000000|100%| S|CS|TAMS 0x0000000093f00000, 0x0000000093f00000| Complete 
| 276|0x0000000094000000, 0x0000000094000000, 0x0000000094100000|  0%| F|  |TAMS 0x0000000094000000, 0x0000000094000000| Untracked 
| 277|0x0000000094100000, 0x0000000094100000, 0x0000000094200000|  0%| F|  |TAMS 0x0000000094100000, 0x0000000094100000| Untracked 
| 278|0x0000000094200000, 0x0000000094200000, 0x0000000094300000|  0%| F|  |TAMS 0x0000000094200000, 0x0000000094200000| Untracked 
| 279|0x0000000094300000, 0x0000000094300000, 0x0000000094400000|  0%| F|  |TAMS 0x0000000094300000, 0x0000000094300000| Untracked 
| 280|0x0000000094400000, 0x0000000094400000, 0x0000000094500000|  0%| F|  |TAMS 0x0000000094400000, 0x0000000094400000| Untracked 
| 281|0x0000000094500000, 0x0000000094500000, 0x0000000094600000|  0%| F|  |TAMS 0x0000000094500000, 0x0000000094500000| Untracked 
| 282|0x0000000094600000, 0x0000000094600000, 0x0000000094700000|  0%| F|  |TAMS 0x0000000094600000, 0x0000000094600000| Untracked 
| 283|0x0000000094700000, 0x0000000094700000, 0x0000000094800000|  0%| F|  |TAMS 0x0000000094700000, 0x0000000094700000| Untracked 
| 284|0x0000000094800000, 0x0000000094800000, 0x0000000094900000|  0%| F|  |TAMS 0x0000000094800000, 0x0000000094800000| Untracked 
| 285|0x0000000094900000, 0x0000000094900000, 0x0000000094a00000|  0%| F|  |TAMS 0x0000000094900000, 0x0000000094900000| Untracked 
| 286|0x0000000094a00000, 0x0000000094a00000, 0x0000000094b00000|  0%| F|  |TAMS 0x0000000094a00000, 0x0000000094a00000| Untracked 
| 287|0x0000000094b00000, 0x0000000094b00000, 0x0000000094c00000|  0%| F|  |TAMS 0x0000000094b00000, 0x0000000094b00000| Untracked 
| 288|0x0000000094c00000, 0x0000000094c00000, 0x0000000094d00000|  0%| F|  |TAMS 0x0000000094c00000, 0x0000000094c00000| Untracked 
| 289|0x0000000094d00000, 0x0000000094d00000, 0x0000000094e00000|  0%| F|  |TAMS 0x0000000094d00000, 0x0000000094d00000| Untracked 
| 290|0x0000000094e00000, 0x0000000094e00000, 0x0000000094f00000|  0%| F|  |TAMS 0x0000000094e00000, 0x0000000094e00000| Untracked 
| 291|0x0000000094f00000, 0x0000000094f00000, 0x0000000095000000|  0%| F|  |TAMS 0x0000000094f00000, 0x0000000094f00000| Untracked 
| 292|0x0000000095000000, 0x0000000095000000, 0x0000000095100000|  0%| F|  |TAMS 0x0000000095000000, 0x0000000095000000| Untracked 
| 293|0x0000000095100000, 0x0000000095100000, 0x0000000095200000|  0%| F|  |TAMS 0x0000000095100000, 0x0000000095100000| Untracked 
| 294|0x0000000095200000, 0x0000000095200000, 0x0000000095300000|  0%| F|  |TAMS 0x0000000095200000, 0x0000000095200000| Untracked 

Card table byte_map: [0x00000216ec100000,0x00000216ec4f0000] _byte_map_base: 0x00000216ebcea000

Marking Bits (Prev, Next): (CMBitMap*) 0x00000216d4401c18, (CMBitMap*) 0x00000216d4401c58
 Prev Bits: [0x00000216ec8e0000, 0x00000216ee830000)
 Next Bits: [0x00000216ee830000, 0x00000216f0780000)

Polling page: 0x00000216d23d0000

Metaspace:

Usage:
  Non-class:      4.52 MB capacity,     1.54 MB ( 34%) used,     2.97 MB ( 66%) free+waste,     8.75 KB ( <1%) overhead. 
      Class:    533.00 KB capacity,   201.66 KB ( 38%) used,   326.22 KB ( 61%) free+waste,     5.13 KB ( <1%) overhead. 
       Both:      5.04 MB capacity,     1.74 MB ( 35%) used,     3.29 MB ( 65%) free+waste,    13.88 KB ( <1%) overhead. 

Virtual space:
  Non-class space:        8.00 MB reserved,       4.75 MB ( 59%) committed 
      Class space:        1.00 GB reserved,     640.00 KB ( <1%) committed 
             Both:        1.01 GB reserved,       5.38 MB ( <1%) committed 

Chunk freelists:
   Non-Class:  41.00 KB
       Class:  11.00 KB
        Both:  52.00 KB

MaxMetaspaceSize: 17179869184.00 GB
CompressedClassSpaceSize: 1.00 GB

CodeHeap 'non-profiled nmethods': size=120000Kb used=384Kb max_used=384Kb free=119615Kb
 bounds [0x00000216e4390000, 0x00000216e4600000, 0x00000216eb8c0000]
CodeHeap 'profiled nmethods': size=120000Kb used=953Kb max_used=953Kb free=119047Kb
 bounds [0x00000216dce60000, 0x00000216dd0d0000, 0x00000216e4390000]
CodeHeap 'non-nmethods': size=5760Kb used=1158Kb max_used=1213Kb free=4602Kb
 bounds [0x00000216dc8c0000, 0x00000216dcb30000, 0x00000216dce60000]
 total_blobs=1556 nmethods=629 adapters=314
 compilation: enabled
              stopped_count=0, restarted_count=0
 full_count=0

Compilation events (20 events):
Event: 2.624 Thread 0x00000216f3288800 nmethod 618 0x00000216e43eb190 code [0x00000216e43eb320, 0x00000216e43eb398]
Event: 2.624 Thread 0x00000216f3288800  616       4       com.google.gson.JsonPrimitive::<init> (13 bytes)
Event: 2.624 Thread 0x00000216f3288800 nmethod 616 0x00000216e43eb490 code [0x00000216e43eb620, 0x00000216e43eb778]
Event: 2.665 Thread 0x00000216f3f88000 nmethod 620% 0x00000216e43eb810 code [0x00000216e43eba00, 0x00000216e43ec270]
Event: 2.665 Thread 0x00000216f3bc1000  622       3       java.nio.HeapByteBuffer::compact (55 bytes)
Event: 2.666 Thread 0x00000216f3bc1000 nmethod 622 0x00000216dcf4d410 code [0x00000216dcf4d600, 0x00000216dcf4dc30]
Event: 2.672 Thread 0x00000216f3f88000  623       4       java.lang.StringLatin1::newString (17 bytes)
Event: 2.672 Thread 0x00000216f3288800  624       4       sun.nio.cs.StreamDecoder::implRead (243 bytes)
Event: 2.674 Thread 0x00000216f3f88000 nmethod 623 0x00000216e43ec790 code [0x00000216e43ec920, 0x00000216e43eccf8]
Event: 2.688 Thread 0x00000216f3288800 nmethod 624 0x00000216e43ece90 code [0x00000216e43ed0c0, 0x00000216e43edb70]
Event: 2.691 Thread 0x00000216f3288800  625       4       com.google.gson.stream.JsonReader::fillBuffer (168 bytes)
Event: 2.695 Thread 0x00000216f3288800 nmethod 625 0x00000216e43ee690 code [0x00000216e43ee840, 0x00000216e43eefe8]
Event: 2.722 Thread 0x00000216f3bc1000  626       3       java.lang.StringBuilder::append (10 bytes)
Event: 2.723 Thread 0x00000216f3bc1000 nmethod 626 0x00000216dcf4de10 code [0x00000216dcf4dfe0, 0x00000216dcf4e2b0]
Event: 2.758 Thread 0x00000216f3f88000  627       4       java.lang.AbstractStringBuilder::isLatin1 (19 bytes)
Event: 2.758 Thread 0x00000216f3f88000 nmethod 627 0x00000216e43ef490 code [0x00000216e43ef620, 0x00000216e43ef698]
Event: 2.766 Thread 0x00000216f3f88000  628       4       java.lang.AbstractStringBuilder::inflate (42 bytes)
Event: 2.769 Thread 0x00000216f3f88000 nmethod 628 0x00000216e43ef790 code [0x00000216e43ef920, 0x00000216e43efcb8]
Event: 2.816 Thread 0x00000216f3f88000  629       4       java.lang.AbstractStringBuilder::<init> (39 bytes)
Event: 2.817 Thread 0x00000216f3f88000 nmethod 629 0x00000216e43efe10 code [0x00000216e43effa0, 0x00000216e43f0198]

GC Heap History (20 events):
Event: 2.402 GC heap after
{Heap after GC invocations=4 (full 0):
 garbage-first heap   total 129024K, used 61908K [0x0000000082c00000, 0x0000000100000000)
  region size 1024K, 2 young (2048K), 2 survivors (2048K)
 Metaspace       used 1782K, capacity 5164K, committed 5504K, reserved 1056768K
  class space    used 201K, capacity 533K, committed 640K, reserved 1048576K
}
Event: 2.425 GC heap before
{Heap before GC invocations=4 (full 0):
 garbage-first heap   total 129024K, used 77268K [0x0000000082c00000, 0x0000000100000000)
  region size 1024K, 18 young (18432K), 2 survivors (2048K)
 Metaspace       used 1782K, capacity 5164K, committed 5504K, reserved 1056768K
  class space    used 201K, capacity 533K, committed 640K, reserved 1048576K
}
Event: 2.441 GC heap after
{Heap after GC invocations=5 (full 0):
 garbage-first heap   total 129024K, used 77824K [0x0000000082c00000, 0x0000000100000000)
  region size 1024K, 3 young (3072K), 3 survivors (3072K)
 Metaspace       used 1782K, capacity 5164K, committed 5504K, reserved 1056768K
  class space    used 201K, capacity 533K, committed 640K, reserved 1048576K
}
Event: 2.464 GC heap before
{Heap before GC invocations=5 (full 0):
 garbage-first heap   total 129024K, used 90112K [0x0000000082c00000, 0x0000000100000000)
  region size 1024K, 15 young (15360K), 3 survivors (3072K)
 Metaspace       used 1782K, capacity 5164K, committed 5504K, reserved 1056768K
  class space    used 201K, capacity 533K, committed 640K, reserved 1048576K
}
Event: 2.481 GC heap after
{Heap after GC invocations=6 (full 0):
 garbage-first heap   total 160768K, used 90112K [0x0000000082c00000, 0x0000000100000000)
  region size 1024K, 2 young (2048K), 2 survivors (2048K)
 Metaspace       used 1782K, capacity 5164K, committed 5504K, reserved 1056768K
  class space    used 201K, capacity 533K, committed 640K, reserved 1048576K
}
Event: 2.513 GC heap before
{Heap before GC invocations=6 (full 0):
 garbage-first heap   total 167936K, used 101376K [0x0000000082c00000, 0x0000000100000000)
  region size 1024K, 19 young (19456K), 2 survivors (2048K)
 Metaspace       used 1782K, capacity 5164K, committed 5504K, reserved 1056768K
  class space    used 201K, capacity 533K, committed 640K, reserved 1048576K
}
Event: 2.532 GC heap after
{Heap after GC invocations=7 (full 0):
 garbage-first heap   total 167936K, used 100864K [0x0000000082c00000, 0x0000000100000000)
  region size 1024K, 3 young (3072K), 3 survivors (3072K)
 Metaspace       used 1782K, capacity 5164K, committed 5504K, reserved 1056768K
  class space    used 201K, capacity 533K, committed 640K, reserved 1048576K
}
Event: 2.565 GC heap before
{Heap before GC invocations=8 (full 0):
 garbage-first heap   total 167936K, used 116224K [0x0000000082c00000, 0x0000000100000000)
  region size 1024K, 18 young (18432K), 3 survivors (3072K)
 Metaspace       used 1782K, capacity 5164K, committed 5504K, reserved 1056768K
  class space    used 201K, capacity 533K, committed 640K, reserved 1048576K
}
Event: 2.582 GC heap after
{Heap after GC invocations=9 (full 0):
 garbage-first heap   total 167936K, used 115712K [0x0000000082c00000, 0x0000000100000000)
  region size 1024K, 3 young (3072K), 3 survivors (3072K)
 Metaspace       used 1782K, capacity 5164K, committed 5504K, reserved 1056768K
  class space    used 201K, capacity 533K, committed 640K, reserved 1048576K
}
Event: 2.596 GC heap before
{Heap before GC invocations=9 (full 0):
 garbage-first heap   total 167936K, used 126976K [0x0000000082c00000, 0x0000000100000000)
  region size 1024K, 14 young (14336K), 3 survivors (3072K)
 Metaspace       used 1782K, capacity 5164K, committed 5504K, reserved 1056768K
  class space    used 201K, capacity 533K, committed 640K, reserved 1048576K
}
Event: 2.608 GC heap after
{Heap after GC invocations=10 (full 0):
 garbage-first heap   total 167936K, used 126464K [0x0000000082c00000, 0x0000000100000000)
  region size 1024K, 2 young (2048K), 2 survivors (2048K)
 Metaspace       used 1782K, capacity 5164K, committed 5504K, reserved 1056768K
  class space    used 201K, capacity 533K, committed 640K, reserved 1048576K
}
Event: 2.626 GC heap before
{Heap before GC invocations=10 (full 0):
 garbage-first heap   total 167936K, used 133632K [0x0000000082c00000, 0x0000000100000000)
  region size 1024K, 9 young (9216K), 2 survivors (2048K)
 Metaspace       used 1782K, capacity 5164K, committed 5504K, reserved 1056768K
  class space    used 201K, capacity 533K, committed 640K, reserved 1048576K
}
Event: 2.665 GC heap after
{Heap after GC invocations=11 (full 0):
 garbage-first heap   total 257024K, used 133632K [0x0000000082c00000, 0x0000000100000000)
  region size 1024K, 2 young (2048K), 2 survivors (2048K)
 Metaspace       used 1782K, capacity 5164K, committed 5504K, reserved 1056768K
  class space    used 201K, capacity 533K, committed 640K, reserved 1048576K
}
Event: 2.727 GC heap before
{Heap before GC invocations=11 (full 0):
 garbage-first heap   total 257024K, used 163328K [0x0000000082c00000, 0x0000000100000000)
  region size 1024K, 31 young (31744K), 2 survivors (2048K)
 Metaspace       used 1782K, capacity 5164K, committed 5504K, reserved 1056768K
  class space    used 201K, capacity 533K, committed 640K, reserved 1048576K
}
Event: 2.744 GC heap after
{Heap after GC invocations=12 (full 0):
 garbage-first heap   total 257024K, used 161288K [0x0000000082c00000, 0x0000000100000000)
  region size 1024K, 4 young (4096K), 4 survivors (4096K)
 Metaspace       used 1782K, capacity 5164K, committed 5504K, reserved 1056768K
  class space    used 201K, capacity 533K, committed 640K, reserved 1048576K
}
Event: 2.775 GC heap before
{Heap before GC invocations=12 (full 0):
 garbage-first heap   total 302080K, used 182792K [0x0000000082c00000, 0x0000000100000000)
  region size 1024K, 25 young (25600K), 4 survivors (4096K)
 Metaspace       used 1782K, capacity 5164K, committed 5504K, reserved 1056768K
  class space    used 201K, capacity 533K, committed 640K, reserved 1048576K
}
Event: 2.789 GC heap after
{Heap after GC invocations=13 (full 0):
 garbage-first heap   total 302080K, used 183296K [0x0000000082c00000, 0x0000000100000000)
  region size 1024K, 4 young (4096K), 4 survivors (4096K)
 Metaspace       used 1782K, capacity 5164K, committed 5504K, reserved 1056768K
  class space    used 201K, capacity 533K, committed 640K, reserved 1048576K
}
Event: 2.831 GC heap before
{Heap before GC invocations=13 (full 0):
 garbage-first heap   total 302080K, used 210944K [0x0000000082c00000, 0x0000000100000000)
  region size 1024K, 31 young (31744K), 4 survivors (4096K)
 Metaspace       used 1782K, capacity 5164K, committed 5504K, reserved 1056768K
  class space    used 201K, capacity 533K, committed 640K, reserved 1048576K
}
Event: 2.849 GC heap after
{Heap after GC invocations=14 (full 0):
 garbage-first heap   total 302080K, used 210944K [0x0000000082c00000, 0x0000000100000000)
  region size 1024K, 4 young (4096K), 4 survivors (4096K)
 Metaspace       used 1782K, capacity 5164K, committed 5504K, reserved 1056768K
  class space    used 201K, capacity 533K, committed 640K, reserved 1048576K
}
Event: 2.897 GC heap before
{Heap before GC invocations=15 (full 0):
 garbage-first heap   total 302080K, used 229376K [0x0000000082c00000, 0x0000000100000000)
  region size 1024K, 23 young (23552K), 4 survivors (4096K)
 Metaspace       used 1782K, capacity 5164K, committed 5504K, reserved 1056768K
  class space    used 201K, capacity 533K, committed 640K, reserved 1048576K
}

Deoptimization events (20 events):
Event: 2.250 Thread 0x00000216d43be800 DEOPT PACKING pc=0x00000216dcf15ec7 sp=0x0000006ba6bfe460
Event: 2.250 Thread 0x00000216d43be800 DEOPT UNPACKING pc=0x00000216dc90964e sp=0x0000006ba6bfd9c0 mode 0
Event: 2.251 Thread 0x00000216d43be800 DEOPT PACKING pc=0x00000216dcf15ec7 sp=0x0000006ba6bfe220
Event: 2.251 Thread 0x00000216d43be800 DEOPT UNPACKING pc=0x00000216dc90964e sp=0x0000006ba6bfd780 mode 0
Event: 2.251 Thread 0x00000216d43be800 DEOPT PACKING pc=0x00000216dcf15ec7 sp=0x0000006ba6bfe420
Event: 2.251 Thread 0x00000216d43be800 DEOPT UNPACKING pc=0x00000216dc90964e sp=0x0000006ba6bfd980 mode 0
Event: 2.252 Thread 0x00000216d43be800 DEOPT PACKING pc=0x00000216dcf15ec7 sp=0x0000006ba6bfe350
Event: 2.252 Thread 0x00000216d43be800 DEOPT UNPACKING pc=0x00000216dc90964e sp=0x0000006ba6bfd8b0 mode 0
Event: 2.252 Thread 0x00000216d43be800 DEOPT PACKING pc=0x00000216dcf15ec7 sp=0x0000006ba6bfe460
Event: 2.252 Thread 0x00000216d43be800 DEOPT UNPACKING pc=0x00000216dc90964e sp=0x0000006ba6bfd9c0 mode 0
Event: 2.252 Thread 0x00000216d43be800 DEOPT PACKING pc=0x00000216dcf15ec7 sp=0x0000006ba6bfe310
Event: 2.252 Thread 0x00000216d43be800 DEOPT UNPACKING pc=0x00000216dc90964e sp=0x0000006ba6bfd870 mode 0
Event: 2.494 Thread 0x00000216d43be800 Uncommon trap: trap_request=0xffffff45 fr.pc=0x00000216e43d64f0 relative=0x0000000000002830
Event: 2.494 Thread 0x00000216d43be800 Uncommon trap: reason=unstable_if action=reinterpret pc=0x00000216e43d64f0 method=sun.nio.cs.StreamDecoder.implRead([CII)I @ 87 c2
Event: 2.494 Thread 0x00000216d43be800 DEOPT PACKING pc=0x00000216e43d64f0 sp=0x0000006ba6bfe700
Event: 2.494 Thread 0x00000216d43be800 DEOPT UNPACKING pc=0x00000216dc90912f sp=0x0000006ba6bfe550 mode 2
Event: 2.494 Thread 0x00000216d43be800 Uncommon trap: trap_request=0xffffff45 fr.pc=0x00000216e43d1b34 relative=0x0000000000000734
Event: 2.494 Thread 0x00000216d43be800 Uncommon trap: reason=unstable_if action=reinterpret pc=0x00000216e43d1b34 method=sun.nio.cs.StreamDecoder.implRead([CII)I @ 98 c2
Event: 2.494 Thread 0x00000216d43be800 DEOPT PACKING pc=0x00000216e43d1b34 sp=0x0000006ba6bfe620
Event: 2.494 Thread 0x00000216d43be800 DEOPT UNPACKING pc=0x00000216dc90912f sp=0x0000006ba6bfe5e0 mode 2

Classes unloaded (0 events):
No events

Classes redefined (0 events):
No events

Internal exceptions (6 events):
Event: 0.060 Thread 0x00000216d43be800 Exception <a 'java/lang/NoSuchMethodError'{0x000000008a9aa248}: 'int java.lang.invoke.DirectMethodHandle$Holder.invokeSpecial(java.lang.Object, java.lang.Object, java.lang.Object, java.lang.Object)'> (0x000000008a9aa248) 
thrown [t:/workspace/open/src/hotspot/share/interpreter/linkResolver.cpp, line 767]
Event: 0.063 Thread 0x00000216d43be800 Exception <a 'java/lang/NoSuchMethodError'{0x000000008a9b2460}: 'void java.lang.invoke.DirectMethodHandle$Holder.invokeVirtual(java.lang.Object, java.lang.Object)'> (0x000000008a9b2460) 
thrown [t:/workspace/open/src/hotspot/share/interpreter/linkResolver.cpp, line 767]
Event: 0.085 Thread 0x00000216d43be800 Exception <a 'java/lang/NoSuchMethodError'{0x000000008a821468}: 'int java.lang.invoke.DirectMethodHandle$Holder.invokeSpecialIFC(java.lang.Object, java.lang.Object, int)'> (0x000000008a821468) 
thrown [t:/workspace/open/src/hotspot/share/interpreter/linkResolver.cpp, line 767]
Event: 0.108 Thread 0x00000216d43be800 Exception <a 'java/lang/NoSuchMethodError'{0x000000008a8e0dc8}: 'void java.lang.invoke.DirectMethodHandle$Holder.invokeSpecial(java.lang.Object, java.lang.Object, java.lang.Object, java.lang.Object, java.lang.Object)'> (0x000000008a8e0dc8) 
thrown [t:/workspace/open/src/hotspot/share/interpreter/linkResolver.cpp, line 767]
Event: 0.110 Thread 0x00000216d43be800 Exception <a 'java/lang/IncompatibleClassChangeError'{0x000000008a8f4d00}: Found class java.lang.Object, but interface was expected> (0x000000008a8f4d00) 
thrown [t:/workspace/open/src/hotspot/share/interpreter/linkResolver.cpp, line 833]
Event: 0.111 Thread 0x00000216d43be800 Exception <a 'java/lang/NoSuchMethodError'{0x000000008a8f7a60}: 'void java.lang.invoke.DirectMethodHandle$Holder.invokeStatic(java.lang.Object, java.lang.Object, java.lang.Object, java.lang.Object)'> (0x000000008a8f7a60) 
thrown [t:/workspace/open/src/hotspot/share/interpreter/linkResolver.cpp, line 767]

Events (20 events):
Event: 2.562 Executing VM operation: G1Concurrent
Event: 2.562 Executing VM operation: G1Concurrent done
Event: 2.565 Executing VM operation: G1CollectForAllocation
Event: 2.582 Executing VM operation: G1CollectForAllocation done
Event: 2.593 Thread 0x00000216f3f0f800 Thread exited: 0x00000216f3f0f800
Event: 2.596 Executing VM operation: G1CollectForAllocation
Event: 2.608 Executing VM operation: G1CollectForAllocation done
Event: 2.626 Executing VM operation: G1CollectForAllocation
Event: 2.665 Executing VM operation: G1CollectForAllocation done
Event: 2.727 Executing VM operation: G1CollectForAllocation
Event: 2.744 Executing VM operation: G1CollectForAllocation done
Event: 2.768 Executing VM operation: G1Concurrent
Event: 2.769 Executing VM operation: G1Concurrent done
Event: 2.775 Executing VM operation: G1CollectForAllocation
Event: 2.789 Executing VM operation: G1CollectForAllocation done
Event: 2.831 Executing VM operation: G1CollectForAllocation
Event: 2.849 Executing VM operation: G1CollectForAllocation done
Event: 2.889 Executing VM operation: G1Concurrent
Event: 2.889 Executing VM operation: G1Concurrent done
Event: 2.897 Executing VM operation: G1CollectForAllocation


Dynamic libraries:
0x00007ff681050000 - 0x00007ff68105f000 	C:\Program Files\Java\jdk-13.0.2\bin\javaw.exe
0x00007fff3f780000 - 0x00007fff3f96d000 	C:\WINDOWS\SYSTEM32\ntdll.dll
0x00007fff3cb50000 - 0x00007fff3cc03000 	C:\WINDOWS\System32\KERNEL32.DLL
0x00007fff3b840000 - 0x00007fff3bad3000 	C:\WINDOWS\System32\KERNELBASE.dll
0x00007fff3bb90000 - 0x00007fff3bc8a000 	C:\WINDOWS\System32\ucrtbase.dll
0x00007fff289f0000 - 0x00007fff28a08000 	C:\Program Files\Java\jdk-13.0.2\bin\jli.dll
0x00007fff1ced0000 - 0x00007fff1cee5000 	C:\Program Files\Java\jdk-13.0.2\bin\VCRUNTIME140.dll
0x00007fff3f200000 - 0x00007fff3f2a3000 	C:\WINDOWS\System32\ADVAPI32.dll
0x00007fff3cf90000 - 0x00007fff3d02e000 	C:\WINDOWS\System32\msvcrt.dll
0x00007fff3d090000 - 0x00007fff3d12e000 	C:\WINDOWS\System32\sechost.dll
0x00007fff3ef40000 - 0x00007fff3f062000 	C:\WINDOWS\System32\RPCRT4.dll
0x00007fff3cd10000 - 0x00007fff3cea7000 	C:\WINDOWS\System32\USER32.dll
0x00007fff0c640000 - 0x00007fff0c8b9000 	C:\WINDOWS\WinSxS\amd64_microsoft.windows.common-controls_6595b64144ccf1df_6.0.17763.1098_none_de762ed45346ee8a\COMCTL32.dll
0x00007fff3c980000 - 0x00007fff3c9a0000 	C:\WINDOWS\System32\win32u.dll
0x00007fff3f2c0000 - 0x00007fff3f5ec000 	C:\WINDOWS\System32\combase.dll
0x00007fff3cf30000 - 0x00007fff3cf59000 	C:\WINDOWS\System32\GDI32.dll
0x00007fff3bc90000 - 0x00007fff3be29000 	C:\WINDOWS\System32\gdi32full.dll
0x00007fff3c8d0000 - 0x00007fff3c94e000 	C:\WINDOWS\System32\bcryptPrimitives.dll
0x00007fff3be30000 - 0x00007fff3bed0000 	C:\WINDOWS\System32\msvcp_win.dll
0x00007fff37e60000 - 0x00007fff37e6a000 	C:\WINDOWS\SYSTEM32\VERSION.dll
0x00007fff3cf60000 - 0x00007fff3cf8e000 	C:\WINDOWS\System32\IMM32.DLL
0x00007fff0ae90000 - 0x00007fff0af2b000 	C:\Program Files\Java\jdk-13.0.2\bin\msvcp140.dll
0x00007ffecff00000 - 0x00007ffed0a5d000 	C:\Program Files\Java\jdk-13.0.2\bin\server\jvm.dll
0x00007fff3f2b0000 - 0x00007fff3f2b8000 	C:\WINDOWS\System32\PSAPI.DLL
0x00007fff28960000 - 0x00007fff28984000 	C:\WINDOWS\SYSTEM32\WINMM.dll
0x00007fff2e2a0000 - 0x00007fff2e2a9000 	C:\WINDOWS\SYSTEM32\WSOCK32.dll
0x00007fff3d140000 - 0x00007fff3d1ad000 	C:\WINDOWS\System32\WS2_32.dll
0x00007fff28930000 - 0x00007fff2895d000 	C:\WINDOWS\SYSTEM32\WINMMBASE.dll
0x00007fff3bb40000 - 0x00007fff3bb8a000 	C:\WINDOWS\System32\cfgmgr32.dll
0x00007fff3b7a0000 - 0x00007fff3b7b1000 	C:\WINDOWS\System32\kernel.appcore.dll
0x00007fff289a0000 - 0x00007fff289b0000 	C:\Program Files\Java\jdk-13.0.2\bin\verify.dll
0x00007fff2fc70000 - 0x00007fff2fe5d000 	C:\WINDOWS\SYSTEM32\DBGHELP.DLL
0x00007fff281d0000 - 0x00007fff281fa000 	C:\WINDOWS\SYSTEM32\dbgcore.DLL
0x00007fff1cdd0000 - 0x00007fff1cdf6000 	C:\Program Files\Java\jdk-13.0.2\bin\java.dll
0x00007fff288f0000 - 0x00007fff28907000 	C:\Program Files\Java\jdk-13.0.2\bin\zip.dll
0x00007fff25b80000 - 0x00007fff25b8a000 	C:\Program Files\Java\jdk-13.0.2\bin\jimage.dll
0x00007fff3da40000 - 0x00007fff3ef34000 	C:\WINDOWS\System32\SHELL32.dll
0x00007fff3d7a0000 - 0x00007fff3d848000 	C:\WINDOWS\System32\shcore.dll
0x00007fff3bed0000 - 0x00007fff3c61d000 	C:\WINDOWS\System32\windows.storage.dll
0x00007fff3b770000 - 0x00007fff3b794000 	C:\WINDOWS\System32\profapi.dll
0x00007fff3b7e0000 - 0x00007fff3b83d000 	C:\WINDOWS\System32\powrprof.dll
0x00007fff3d860000 - 0x00007fff3d8b2000 	C:\WINDOWS\System32\shlwapi.dll
0x00007fff3c800000 - 0x00007fff3c817000 	C:\WINDOWS\System32\cryptsp.dll
0x00007fff22020000 - 0x00007fff22039000 	C:\Program Files\Java\jdk-13.0.2\bin\net.dll
0x00007fff294c0000 - 0x00007fff295b2000 	C:\WINDOWS\SYSTEM32\WINHTTP.dll
0x00007fff3af80000 - 0x00007fff3afe7000 	C:\WINDOWS\system32\mswsock.dll
0x00007fff206d0000 - 0x00007fff206e3000 	C:\Program Files\Java\jdk-13.0.2\bin\nio.dll

dbghelp: loaded successfully - version: 4.0.5 - missing functions: none
symbol engine: initialized successfully - sym options: 0x614 - pdb path: .;C:\Program Files\Java\jdk-13.0.2\bin;C:\WINDOWS\SYSTEM32;C:\WINDOWS\WinSxS\amd64_microsoft.windows.common-controls_6595b64144ccf1df_6.0.17763.1098_none_de762ed45346ee8a;C:\Program Files\Java\jdk-13.0.2\bin\server

VM Arguments:
jvm_args: -Dfile.encoding=Cp1252 --module-path=C:\Users\luisc\OneDrive\Escritorio\Proyecto1_202010_sec2_team7\bin;C:\Users\luisc\.p2\pool\plugins\org.junit_4.12.0.v201504281640\junit.jar;C:\Users\luisc\.p2\pool\plugins\org.hamcrest.core_1.3.0.v20180420-1519.jar;C:\Users\luisc\OneDrive\Escritorio\Proyecto1_202010_sec2_team7\lib\gson-2.8.6.jar -Djdk.module.main=T3_202010 
java_command: T3_202010/main.Main
java_class_path (initial): <not set>
Launcher Type: SUN_STANDARD

[Global flags]
     intx CICompilerCount                          = 4                                         {product} {ergonomic}
     uint ConcGCThreads                            = 2                                         {product} {ergonomic}
     uint G1ConcRefinementThreads                  = 8                                         {product} {ergonomic}
   size_t G1HeapRegionSize                         = 1048576                                   {product} {ergonomic}
    uintx GCDrainStackTargetSize                   = 64                                        {product} {ergonomic}
   size_t InitialHeapSize                          = 132120576                                 {product} {ergonomic}
   size_t MarkStackSize                            = 4194304                                   {product} {ergonomic}
   size_t MaxHeapSize                              = 2101346304                                {product} {ergonomic}
   size_t MaxNewSize                               = 1260388352                                {product} {ergonomic}
   size_t MinHeapDeltaBytes                        = 1048576                                   {product} {ergonomic}
   size_t MinHeapSize                              = 8388608                                   {product} {ergonomic}
    uintx NonNMethodCodeHeapSize                   = 5839372                                {pd product} {ergonomic}
    uintx NonProfiledCodeHeapSize                  = 122909434                              {pd product} {ergonomic}
    uintx ProfiledCodeHeapSize                     = 122909434                              {pd product} {ergonomic}
    uintx ReservedCodeCacheSize                    = 251658240                              {pd product} {ergonomic}
     bool SegmentedCodeCache                       = true                                      {product} {ergonomic}
   size_t SoftMaxHeapSize                          = 2101346304                             {manageable} {ergonomic}
     bool UseCompressedClassPointers               = true                                 {lp64_product} {ergonomic}
     bool UseCompressedOops                        = true                                 {lp64_product} {ergonomic}
     bool UseG1GC                                  = true                                      {product} {ergonomic}
     bool UseLargePagesIndividualAllocation        = false                                  {pd product} {ergonomic}

Logging:
Log output configuration:
 #0: stdout all=warning uptime,level,tags
 #1: stderr all=off uptime,level,tags

Environment Variables:
PATH=C:/Program Files/Java/jdk-13.0.2/bin/server;C:/Program Files/Java/jdk-13.0.2/bin;C:\WINDOWS\system32;C:\WINDOWS;C:\WINDOWS\System32\Wbem;C:\WINDOWS\System32\WindowsPowerShell\v1.0\;C:\WINDOWS\System32\OpenSSH\;C:\Program Files (x86)\Intel\Intel(R) Management Engine Components\DAL;C:\Program Files\Intel\Intel(R) Management Engine Components\DAL;C:\Program Files\Git\cmd;C:\Users\luisc\AppData\Local\Microsoft\WindowsApps;;C:\WINDOWS\system32;
USERNAME=luisc
OS=Windows_NT
PROCESSOR_IDENTIFIER=Intel64 Family 6 Model 142 Stepping 12, GenuineIntel



---------------  S Y S T E M  ---------------

OS: Windows 10 , 64 bit Build 17763 (10.0.17763.475)

CPU:total 8 (initial active 8) (4 cores per cpu, 2 threads per core) family 6 model 142 stepping 12, cmov, cx8, fxsr, mmx, sse, sse2, sse3, ssse3, sse4.1, sse4.2, popcnt, avx, avx2, aes, clmul, erms, 3dnowpref, lzcnt, ht, tsc, tscinvbit, bmi1, bmi2, adx, fma

Memory: 4k page, system-wide physical 8013M (1523M free)
TotalPageFile size 32352M (AvailPageFile size 296M)
current process WorkingSet (physical memory assigned to process): 344M, peak: 344M
current process commit charge ("private bytes"): 417M, peak: 1007M

vm_info: Java HotSpot(TM) 64-Bit Server VM (13.0.2+8) for windows-amd64 JRE (13.0.2+8), built on Dec 11 2019 09:20:33 by "mach5one" with unknown MS VC++:1916

END.
